<?xml version="1.0" encoding="UTF-8"?>
<!-- Generated by org.testng.reporters.JUnitReportReporter -->
<testsuite hostname="BalajiV" failures="0" tests="3" name="org.test.ReqResAssessment" time="4.911" errors="0" timestamp="2024-01-08T19:45:03 IST" skipped="0">
  <testcase classname="org.test.ReqResAssessment" name="getList" time="3.311"/>
  <testcase classname="org.test.ReqResAssessment" name="postUser" time="0.983"/>
  <testcase classname="org.test.ReqResAssessment" name="getSingle" time="0.617"/>
</testsuite> <!-- org.test.ReqResAssessment -->
