<?xml version="1.0" encoding="UTF-8"?>
<!-- Generated by org.testng.reporters.JUnitReportReporter -->
<testsuite hostname="BalajiV" failures="0" tests="8" name="org.test.SauceDemoAssessment" time="16.244" errors="0" timestamp="2024-01-08T19:58:19 IST" skipped="0">
  <testcase classname="org.test.SauceDemoAssessment" name="tc1" time="1.040"/>
  <testcase classname="org.test.SauceDemoAssessment" name="tc2" time="11.382"/>
  <testcase classname="org.test.SauceDemoAssessment" name="tc4" time="0.503"/>
  <testcase classname="org.test.SauceDemoAssessment" name="tc3" time="1.959"/>
  <testcase classname="org.test.SauceDemoAssessment" name="tc5" time="0.116"/>
  <testcase classname="org.test.SauceDemoAssessment" name="tc6" time="0.185"/>
  <testcase classname="org.test.SauceDemoAssessment" name="tc1" time="0.499"/>
  <testcase classname="org.test.SauceDemoAssessment" name="tc1" time="0.560"/>
</testsuite> <!-- org.test.SauceDemoAssessment -->
